{"email":"aasmaan@gmail.com","level":"warn","message":"Signup attempt with existing email","timestamp":"2024-11-27T12:49:40.458Z"}
{"email":"test12@gmail.com","level":"warn","message":"Signin attempt failed for non-existing user","timestamp":"2024-11-27T12:49:40.597Z"}
{"error":"Cast to ObjectId failed for value \"validUserId\" (type string) at path \"userId\" for model \"Account\"","level":"error","message":"Error retrieving account balance","timestamp":"2024-11-27T12:49:40.604Z"}
{"error":"Cast to ObjectId failed for value \"validUserId\" (type string) at path \"userId\" for model \"Account\"","level":"error","message":"Error during fund transfer","timestamp":"2024-11-27T12:49:40.611Z"}
{"error":"Cast to ObjectId failed for value \"validUserId\" (type string) at path \"userId\" for model \"Account\"","level":"error","message":"Error during fund transfer","timestamp":"2024-11-27T12:49:40.616Z"}
{"error":"Cast to ObjectId failed for value \"validUserId\" (type string) at path \"userId\" for model \"Account\"","level":"error","message":"Error during fund transfer","timestamp":"2024-11-27T12:49:40.620Z"}
{"email":"aasmaan@gmail.com","level":"warn","message":"Signup attempt with existing email","timestamp":"2024-11-27T12:51:51.842Z"}
{"email":"mayank@gmail.com","level":"warn","message":"Signup attempt with existing email","timestamp":"2024-11-27T12:51:51.871Z"}
{"email":"test12@gmail.com","level":"warn","message":"Signin attempt failed for non-existing user","timestamp":"2024-11-27T12:51:51.921Z"}
{"error":"Cast to ObjectId failed for value \"validUserId\" (type string) at path \"userId\" for model \"Account\"","level":"error","message":"Error retrieving account balance","timestamp":"2024-11-27T12:51:51.930Z"}
{"error":"Cast to ObjectId failed for value \"validUserId\" (type string) at path \"userId\" for model \"Account\"","level":"error","message":"Error during fund transfer","timestamp":"2024-11-27T12:51:51.936Z"}
{"error":"Cast to ObjectId failed for value \"validUserId\" (type string) at path \"userId\" for model \"Account\"","level":"error","message":"Error during fund transfer","timestamp":"2024-11-27T12:51:51.940Z"}
{"error":"Cast to ObjectId failed for value \"validUserId\" (type string) at path \"userId\" for model \"Account\"","level":"error","message":"Error during fund transfer","timestamp":"2024-11-27T12:51:51.944Z"}
{"email":"validUser@gmail.com","level":"warn","message":"Signup attempt with existing email","timestamp":"2024-11-27T13:05:35.223Z"}
{"email":"validUser@gmail.com","level":"warn","message":"Signup attempt with existing email","timestamp":"2024-11-27T13:06:46.491Z"}
{"email":"validUser@gmail.com","level":"warn","message":"Signup attempt with existing email","timestamp":"2024-11-27T13:08:49.591Z"}
{"amount":1000000,"level":"warn","message":"Insufficient balance or account not found","timestamp":"2024-11-27T13:08:49.769Z","userId":"674719e1d27f145090416390"}
{"error":"Cast to ObjectId failed for value \"invalidUserId\" (type string) at path \"userId\" for model \"Account\"","level":"error","message":"Error during fund transfer","timestamp":"2024-11-27T13:08:49.897Z"}
{"email":"validUser@gmail.com","level":"warn","message":"Signup attempt with existing email","timestamp":"2024-11-27T13:10:59.339Z"}
{"amount":1000000,"level":"warn","message":"Insufficient balance or account not found","timestamp":"2024-11-27T13:10:59.527Z","userId":"67471a639f567c3466a539d2"}
{"error":"Cast to ObjectId failed for value \"invalidUserId\" (type string) at path \"userId\" for model \"Account\"","level":"error","message":"Error during fund transfer","timestamp":"2024-11-27T13:10:59.665Z"}
{"email":"validUser@gmail.com","level":"warn","message":"Signup attempt with existing email","timestamp":"2024-11-27T13:15:03.207Z"}
{"amount":1000000,"level":"warn","message":"Insufficient balance or account not found","timestamp":"2024-11-27T13:15:03.406Z","userId":"67471b576064478522bb6054"}
{"error":"Cast to ObjectId failed for value \"invalidUserId\" (type string) at path \"userId\" for model \"Account\"","level":"error","message":"Error during fund transfer","timestamp":"2024-11-27T13:15:03.574Z"}
{"email":"validUser@gmail.com","level":"warn","message":"Signup attempt with existing email","timestamp":"2024-11-27T13:18:20.936Z"}
{"amount":1000000,"level":"warn","message":"Insufficient balance or account not found","timestamp":"2024-11-27T13:18:21.109Z","userId":"67471c1c8d4785079c511d29"}
{"error":"Cast to ObjectId failed for value \"invalidUserId\" (type string) at path \"userId\" for model \"Account\"","level":"error","message":"Error during fund transfer","timestamp":"2024-11-27T13:18:21.233Z"}
{"email":"validUser@gmail.com","level":"warn","message":"Signup attempt with existing email","timestamp":"2024-11-27T13:20:13.281Z"}
{"amount":1000000,"level":"warn","message":"Insufficient balance or account not found","timestamp":"2024-11-27T13:20:13.459Z","userId":"67471c8df0cac6df969837d3"}
{"level":"warn","message":"Attempt to signup with existing email","timestamp":"2024-12-10T10:35:46.497Z","username":"testuser@example.com"}
{"level":"warn","message":"User not found","timestamp":"2024-12-10T10:40:12.349Z","userId":"6757fb8ddb88f80c8c0241de"}
{"level":"warn","message":"User not found","timestamp":"2024-12-10T10:40:12.375Z","userId":"6757fb8ddb88f80c8c0241de"}
{"level":"warn","message":"Invalid signin attempt","timestamp":"2024-12-10T10:40:25.402Z","username":"aasmaan@gmail.com"}
{"level":"warn","message":"Attempt to signup with existing email","timestamp":"2024-12-10T11:13:54.228Z","username":"testuser@example.com"}
