{"level":"info","message":"User retrieved successfully","timestamp":"2024-11-26T11:23:25.765Z","userId":"67398927ebc469e291ccda2d"}
{"filter":"","level":"info","message":"Bulk user retrieval successful","timestamp":"2024-11-26T11:23:25.769Z"}
{"level":"info","message":"User retrieved successfully","timestamp":"2024-11-26T11:23:25.796Z","userId":"67398927ebc469e291ccda2d"}
{"filter":"","level":"info","message":"Bulk user retrieval successful","timestamp":"2024-11-26T11:23:25.798Z"}
{"balance":9950.299960684806,"level":"info","message":"Account balance retrieved successfully","timestamp":"2024-11-26T11:23:25.971Z","userId":"67398927ebc469e291ccda2d"}
{"balance":9950.299960684806,"level":"info","message":"Account balance retrieved successfully","timestamp":"2024-11-26T11:23:26.000Z","userId":"67398927ebc469e291ccda2d"}
{"email":"aasmaan@gmail.com","level":"info","message":"User signed in successfully","timestamp":"2024-11-26T11:23:56.502Z"}
{"filter":"","level":"info","message":"Bulk user retrieval successful","timestamp":"2024-11-26T11:23:56.548Z"}
{"level":"info","message":"User retrieved successfully","timestamp":"2024-11-26T11:23:56.554Z","userId":"67398927ebc469e291ccda2d"}
{"balance":9950.299960684806,"level":"info","message":"Account balance retrieved successfully","timestamp":"2024-11-26T11:23:56.557Z","userId":"67398927ebc469e291ccda2d"}
{"filter":"","level":"info","message":"Bulk user retrieval successful","timestamp":"2024-11-26T11:23:56.573Z"}
{"level":"info","message":"User retrieved successfully","timestamp":"2024-11-26T11:23:56.586Z","userId":"67398927ebc469e291ccda2d"}
{"balance":9950.299960684806,"level":"info","message":"Account balance retrieved successfully","timestamp":"2024-11-26T11:23:56.588Z","userId":"67398927ebc469e291ccda2d"}
{"amount":"12","fromUserId":"67398927ebc469e291ccda2d","level":"info","message":"Transfer successful","timestamp":"2024-11-26T11:24:01.896Z","toUserId":"67398927ebc469e291ccda2d"}
{"level":"info","message":"User retrieved successfully","timestamp":"2024-11-26T11:24:04.953Z","userId":"67398927ebc469e291ccda2d"}
{"filter":"","level":"info","message":"Bulk user retrieval successful","timestamp":"2024-11-26T11:24:04.955Z"}
{"balance":9950.299960684806,"level":"info","message":"Account balance retrieved successfully","timestamp":"2024-11-26T11:24:04.957Z","userId":"67398927ebc469e291ccda2d"}
{"level":"info","message":"User retrieved successfully","timestamp":"2024-11-26T11:24:04.983Z","userId":"67398927ebc469e291ccda2d"}
{"filter":"","level":"info","message":"Bulk user retrieval successful","timestamp":"2024-11-26T11:24:04.986Z"}
{"balance":9950.299960684806,"level":"info","message":"Account balance retrieved successfully","timestamp":"2024-11-26T11:24:04.988Z","userId":"67398927ebc469e291ccda2d"}
{"email":"aasmaan@gmail.com","level":"warn","message":"Signup attempt with existing email","timestamp":"2024-11-27T12:49:40.458Z"}
{"email":"mayank@gmail.com","level":"info","message":"New user signed up","timestamp":"2024-11-27T12:49:40.547Z"}
{"email":"aasmaan@gmail.com","level":"info","message":"User signed in successfully","timestamp":"2024-11-27T12:49:40.574Z"}
{"email":"test12@gmail.com","level":"warn","message":"Signin attempt failed for non-existing user","timestamp":"2024-11-27T12:49:40.597Z"}
{"error":"Cast to ObjectId failed for value \"validUserId\" (type string) at path \"userId\" for model \"Account\"","level":"error","message":"Error retrieving account balance","timestamp":"2024-11-27T12:49:40.604Z"}
{"error":"Cast to ObjectId failed for value \"validUserId\" (type string) at path \"userId\" for model \"Account\"","level":"error","message":"Error during fund transfer","timestamp":"2024-11-27T12:49:40.611Z"}
{"error":"Cast to ObjectId failed for value \"validUserId\" (type string) at path \"userId\" for model \"Account\"","level":"error","message":"Error during fund transfer","timestamp":"2024-11-27T12:49:40.616Z"}
{"error":"Cast to ObjectId failed for value \"validUserId\" (type string) at path \"userId\" for model \"Account\"","level":"error","message":"Error during fund transfer","timestamp":"2024-11-27T12:49:40.620Z"}
{"email":"aasmaan@gmail.com","level":"warn","message":"Signup attempt with existing email","timestamp":"2024-11-27T12:51:51.842Z"}
{"email":"mayank@gmail.com","level":"warn","message":"Signup attempt with existing email","timestamp":"2024-11-27T12:51:51.871Z"}
{"email":"aasmaan@gmail.com","level":"info","message":"User signed in successfully","timestamp":"2024-11-27T12:51:51.898Z"}
{"email":"test12@gmail.com","level":"warn","message":"Signin attempt failed for non-existing user","timestamp":"2024-11-27T12:51:51.921Z"}
{"error":"Cast to ObjectId failed for value \"validUserId\" (type string) at path \"userId\" for model \"Account\"","level":"error","message":"Error retrieving account balance","timestamp":"2024-11-27T12:51:51.930Z"}
{"error":"Cast to ObjectId failed for value \"validUserId\" (type string) at path \"userId\" for model \"Account\"","level":"error","message":"Error during fund transfer","timestamp":"2024-11-27T12:51:51.936Z"}
{"error":"Cast to ObjectId failed for value \"validUserId\" (type string) at path \"userId\" for model \"Account\"","level":"error","message":"Error during fund transfer","timestamp":"2024-11-27T12:51:51.940Z"}
{"error":"Cast to ObjectId failed for value \"validUserId\" (type string) at path \"userId\" for model \"Account\"","level":"error","message":"Error during fund transfer","timestamp":"2024-11-27T12:51:51.944Z"}
{"email":"validUser@gmail.com","level":"warn","message":"Signup attempt with existing email","timestamp":"2024-11-27T13:05:35.223Z"}
{"email":"validUser@gmail.com","level":"warn","message":"Signup attempt with existing email","timestamp":"2024-11-27T13:06:46.491Z"}
{"email":"validUser@gmail.com","level":"warn","message":"Signup attempt with existing email","timestamp":"2024-11-27T13:08:49.591Z"}
{"amount":1000000,"level":"warn","message":"Insufficient balance or account not found","timestamp":"2024-11-27T13:08:49.769Z","userId":"674719e1d27f145090416390"}
{"error":"Cast to ObjectId failed for value \"invalidUserId\" (type string) at path \"userId\" for model \"Account\"","level":"error","message":"Error during fund transfer","timestamp":"2024-11-27T13:08:49.897Z"}
{"email":"validUser@gmail.com","level":"warn","message":"Signup attempt with existing email","timestamp":"2024-11-27T13:10:59.339Z"}
{"amount":1000000,"level":"warn","message":"Insufficient balance or account not found","timestamp":"2024-11-27T13:10:59.527Z","userId":"67471a639f567c3466a539d2"}
{"error":"Cast to ObjectId failed for value \"invalidUserId\" (type string) at path \"userId\" for model \"Account\"","level":"error","message":"Error during fund transfer","timestamp":"2024-11-27T13:10:59.665Z"}
{"email":"validUser@gmail.com","level":"warn","message":"Signup attempt with existing email","timestamp":"2024-11-27T13:15:03.207Z"}
{"amount":1000000,"level":"warn","message":"Insufficient balance or account not found","timestamp":"2024-11-27T13:15:03.406Z","userId":"67471b576064478522bb6054"}
{"error":"Cast to ObjectId failed for value \"invalidUserId\" (type string) at path \"userId\" for model \"Account\"","level":"error","message":"Error during fund transfer","timestamp":"2024-11-27T13:15:03.574Z"}
{"email":"validUser@gmail.com","level":"warn","message":"Signup attempt with existing email","timestamp":"2024-11-27T13:18:20.936Z"}
{"amount":1000000,"level":"warn","message":"Insufficient balance or account not found","timestamp":"2024-11-27T13:18:21.109Z","userId":"67471c1c8d4785079c511d29"}
{"error":"Cast to ObjectId failed for value \"invalidUserId\" (type string) at path \"userId\" for model \"Account\"","level":"error","message":"Error during fund transfer","timestamp":"2024-11-27T13:18:21.233Z"}
{"email":"validUser@gmail.com","level":"warn","message":"Signup attempt with existing email","timestamp":"2024-11-27T13:20:13.281Z"}
{"amount":1000000,"level":"warn","message":"Insufficient balance or account not found","timestamp":"2024-11-27T13:20:13.459Z","userId":"67471c8df0cac6df969837d3"}
